
task3.elf:     file format elf32-littlearm

Sections:
Idx Name          Size      VMA       LMA       File off  Algn
  0 .vectortable  000000a0  08000000  08000000  00010000  2**2
                  CONTENTS, ALLOC, LOAD, READONLY, DATA
  1 .text         00000128  08000400  08000400  00010400  2**2
                  CONTENTS, ALLOC, LOAD, READONLY, CODE
  2 .exhand       000000cc  08001000  08001000  00011000  2**2
                  CONTENTS, ALLOC, LOAD, READONLY, CODE
SYMBOL TABLE:
08000000 l    d  .vectortable	00000000 .vectortable
08000400 l    d  .text	00000000 .text
08001000 l    d  .exhand	00000000 .exhand
08001000 l     F .exhand	00000000 _nmi
08001028 l     F .exhand	00000000 _hardf
08001050 l     F .exhand	00000000 _exti0
08001084 l     F .exhand	00000000 _exti7
080004f2 l       .text	00000000 .lp1
08001070 l       .exhand	00000000 clean
080010a8 l       .exhand	00000000 clean3
080010ba l       .exhand	00000000 .lp2
08000400 g     F .text	00000000 init
080004d8 g     F .text	00000000 main
080004dc g     F .text	00000000 delay
080004ec g       .text	00000000 stop



Disassembly of section .vectortable:

08000000 <.vectortable>:
 8000000:	20004000 	.word	0x20004000
 8000004:	08000401 	.word	0x08000401
 8000008:	08001001 	.word	0x08001001
 800000c:	08001029 	.word	0x08001029
	...
 8000058:	08001051 	.word	0x08001051
	...
 800009c:	08001085 	.word	0x08001085

Disassembly of section .text:

08000400 <init>:
 8000400:	b672      	cpsid	i
 8000402:	2000      	movs	r0, #0
 8000404:	2100      	movs	r1, #0
 8000406:	2200      	movs	r2, #0
 8000408:	2300      	movs	r3, #0
 800040a:	2400      	movs	r4, #0
 800040c:	2500      	movs	r5, #0
 800040e:	2600      	movs	r6, #0
 8000410:	2700      	movs	r7, #0
 8000412:	4680      	mov	r8, r0
 8000414:	4681      	mov	r9, r0
 8000416:	4682      	mov	sl, r0
 8000418:	4683      	mov	fp, r0
 800041a:	4684      	mov	ip, r0
 800041c:	4935      	ldr	r1, [pc, #212]	; (80004f4 <.lp1+0x2>)
 800041e:	f04f 0203 	mov.w	r2, #3
 8000422:	6808      	ldr	r0, [r1, #0]
 8000424:	4310      	orrs	r0, r2
 8000426:	6008      	str	r0, [r1, #0]
 8000428:	f04f 4190 	mov.w	r1, #1207959552	; 0x48000000
 800042c:	22ff      	movs	r2, #255	; 0xff
 800042e:	6808      	ldr	r0, [r1, #0]
 8000430:	4390      	bics	r0, r2
 8000432:	2255      	movs	r2, #85	; 0x55
 8000434:	4310      	orrs	r0, r2
 8000436:	6008      	str	r0, [r1, #0]
 8000438:	492f      	ldr	r1, [pc, #188]	; (80004f8 <.lp1+0x6>)
 800043a:	220f      	movs	r2, #15
 800043c:	6808      	ldr	r0, [r1, #0]
 800043e:	4390      	bics	r0, r2
 8000440:	6008      	str	r0, [r1, #0]
 8000442:	f04f 0301 	mov.w	r3, #1
 8000446:	f04f 0400 	mov.w	r4, #0
 800044a:	492c      	ldr	r1, [pc, #176]	; (80004fc <.lp1+0xa>)
 800044c:	2203      	movs	r2, #3
 800044e:	6808      	ldr	r0, [r1, #0]
 8000450:	4390      	bics	r0, r2
 8000452:	ea4f 3282 	mov.w	r2, r2, lsl #14
 8000456:	4390      	bics	r0, r2
 8000458:	6008      	str	r0, [r1, #0]
 800045a:	4929      	ldr	r1, [pc, #164]	; (8000500 <.lp1+0xe>)
 800045c:	2203      	movs	r2, #3
 800045e:	6808      	ldr	r0, [r1, #0]
 8000460:	4390      	bics	r0, r2
 8000462:	ea4f 3282 	mov.w	r2, r2, lsl #14
 8000466:	4390      	bics	r0, r2
 8000468:	2201      	movs	r2, #1
 800046a:	4310      	orrs	r0, r2
 800046c:	ea4f 3282 	mov.w	r2, r2, lsl #14
 8000470:	4310      	orrs	r0, r2
 8000472:	6008      	str	r0, [r1, #0]
 8000474:	4923      	ldr	r1, [pc, #140]	; (8000504 <.lp1+0x12>)
 8000476:	2201      	movs	r2, #1
 8000478:	6808      	ldr	r0, [r1, #0]
 800047a:	4310      	orrs	r0, r2
 800047c:	6008      	str	r0, [r1, #0]
 800047e:	4922      	ldr	r1, [pc, #136]	; (8000508 <.lp1+0x16>)
 8000480:	220f      	movs	r2, #15
 8000482:	6808      	ldr	r0, [r1, #0]
 8000484:	4390      	bics	r0, r2
 8000486:	2201      	movs	r2, #1
 8000488:	4310      	orrs	r0, r2
 800048a:	6008      	str	r0, [r1, #0]
 800048c:	491f      	ldr	r1, [pc, #124]	; (800050c <.lp1+0x1a>)
 800048e:	f45f 4270 	movs.w	r2, #61440	; 0xf000
 8000492:	6808      	ldr	r0, [r1, #0]
 8000494:	4390      	bics	r0, r2
 8000496:	f45f 5280 	movs.w	r2, #4096	; 0x1000
 800049a:	4310      	orrs	r0, r2
 800049c:	6008      	str	r0, [r1, #0]
 800049e:	491c      	ldr	r1, [pc, #112]	; (8000510 <.lp1+0x1e>)
 80004a0:	f04f 0281 	mov.w	r2, #129	; 0x81
 80004a4:	6808      	ldr	r0, [r1, #0]
 80004a6:	4310      	orrs	r0, r2
 80004a8:	6008      	str	r0, [r1, #0]
 80004aa:	491a      	ldr	r1, [pc, #104]	; (8000514 <.lp1+0x22>)
 80004ac:	f04f 0281 	mov.w	r2, #129	; 0x81
 80004b0:	6808      	ldr	r0, [r1, #0]
 80004b2:	4310      	orrs	r0, r2
 80004b4:	6008      	str	r0, [r1, #0]
 80004b6:	4918      	ldr	r1, [pc, #96]	; (8000518 <.lp1+0x26>)
 80004b8:	f04f 0281 	mov.w	r2, #129	; 0x81
 80004bc:	6808      	ldr	r0, [r1, #0]
 80004be:	4390      	bics	r0, r2
 80004c0:	6008      	str	r0, [r1, #0]
 80004c2:	4916      	ldr	r1, [pc, #88]	; (800051c <.lp1+0x2a>)
 80004c4:	4a16      	ldr	r2, [pc, #88]	; (8000520 <.lp1+0x2e>)
 80004c6:	6808      	ldr	r0, [r1, #0]
 80004c8:	4310      	orrs	r0, r2
 80004ca:	6008      	str	r0, [r1, #0]
 80004cc:	4915      	ldr	r1, [pc, #84]	; (8000524 <.lp1+0x32>)
 80004ce:	4a14      	ldr	r2, [pc, #80]	; (8000520 <.lp1+0x2e>)
 80004d0:	6808      	ldr	r0, [r1, #0]
 80004d2:	4310      	orrs	r0, r2
 80004d4:	6008      	str	r0, [r1, #0]
 80004d6:	b662      	cpsie	i

080004d8 <main>:
 80004d8:	f7ff bffe 	b.w	80004d8 <main>

080004dc <delay>:
 80004dc:	2600      	movs	r6, #0
 80004de:	f44f 3745 	mov.w	r7, #201728	; 0x31400
 80004e2:	3601      	adds	r6, #1
 80004e4:	42be      	cmp	r6, r7
 80004e6:	d1fc      	bne.n	80004e2 <delay+0x6>
 80004e8:	4770      	bx	lr
 80004ea:	bf00      	nop

080004ec <stop>:
 80004ec:	bf00      	nop
 80004ee:	f7ff bffd 	b.w	80004ec <stop>

080004f2 <.lp1>:
 80004f2:	0000      	.short	0x0000
 80004f4:	4002104c 	.word	0x4002104c
 80004f8:	48000014 	.word	0x48000014
 80004fc:	48000400 	.word	0x48000400
 8000500:	4800040c 	.word	0x4800040c
 8000504:	40021060 	.word	0x40021060
 8000508:	40010008 	.word	0x40010008
 800050c:	4001000c 	.word	0x4001000c
 8000510:	40010400 	.word	0x40010400
 8000514:	4001040c 	.word	0x4001040c
 8000518:	40010408 	.word	0x40010408
 800051c:	e000e280 	.word	0xe000e280
 8000520:	00800040 	.word	0x00800040
 8000524:	e000e100 	.word	0xe000e100

Disassembly of section .exhand:

08001000 <_nmi>:
 8001000:	492e      	ldr	r1, [pc, #184]	; (80010bc <.lp2+0x2>)
 8001002:	f04f 0201 	mov.w	r2, #1
 8001006:	6808      	ldr	r0, [r1, #0]
 8001008:	4310      	orrs	r0, r2
 800100a:	6008      	str	r0, [r1, #0]
 800100c:	f04f 4190 	mov.w	r1, #1207959552	; 0x48000000
 8001010:	22ff      	movs	r2, #255	; 0xff
 8001012:	6808      	ldr	r0, [r1, #0]
 8001014:	4390      	bics	r0, r2
 8001016:	2244      	movs	r2, #68	; 0x44
 8001018:	4310      	orrs	r0, r2
 800101a:	6008      	str	r0, [r1, #0]
 800101c:	4928      	ldr	r1, [pc, #160]	; (80010c0 <.lp2+0x6>)
 800101e:	220a      	movs	r2, #10
 8001020:	6808      	ldr	r0, [r1, #0]
 8001022:	4390      	bics	r0, r2
 8001024:	6008      	str	r0, [r1, #0]
 8001026:	e7eb      	b.n	8001000 <_nmi>

08001028 <_hardf>:
 8001028:	4924      	ldr	r1, [pc, #144]	; (80010bc <.lp2+0x2>)
 800102a:	f04f 0201 	mov.w	r2, #1
 800102e:	6808      	ldr	r0, [r1, #0]
 8001030:	4310      	orrs	r0, r2
 8001032:	6008      	str	r0, [r1, #0]
 8001034:	f04f 4190 	mov.w	r1, #1207959552	; 0x48000000
 8001038:	22ff      	movs	r2, #255	; 0xff
 800103a:	6808      	ldr	r0, [r1, #0]
 800103c:	4390      	bics	r0, r2
 800103e:	2211      	movs	r2, #17
 8001040:	4310      	orrs	r0, r2
 8001042:	6008      	str	r0, [r1, #0]
 8001044:	491e      	ldr	r1, [pc, #120]	; (80010c0 <.lp2+0x6>)
 8001046:	2205      	movs	r2, #5
 8001048:	6808      	ldr	r0, [r1, #0]
 800104a:	4390      	bics	r0, r2
 800104c:	6008      	str	r0, [r1, #0]
 800104e:	e7eb      	b.n	8001028 <_hardf>

08001050 <_exti0>:
 8001050:	b500      	push	{lr}
 8001052:	f7ff fa43 	bl	80004dc <delay>
 8001056:	491b      	ldr	r1, [pc, #108]	; (80010c4 <.lp2+0xa>)
 8001058:	6808      	ldr	r0, [r1, #0]
 800105a:	f04f 02fe 	mov.w	r2, #254	; 0xfe
 800105e:	4390      	bics	r0, r2
 8001060:	2801      	cmp	r0, #1
 8001062:	bf08      	it	eq
 8001064:	e004      	beq.n	8001070 <clean>
 8001066:	4916      	ldr	r1, [pc, #88]	; (80010c0 <.lp2+0x6>)
 8001068:	2203      	movs	r2, #3
 800106a:	6808      	ldr	r0, [r1, #0]
 800106c:	4050      	eors	r0, r2
 800106e:	6008      	str	r0, [r1, #0]

08001070 <clean>:
 8001070:	f7ff fa34 	bl	80004dc <delay>
 8001074:	4914      	ldr	r1, [pc, #80]	; (80010c8 <.lp2+0xe>)
 8001076:	2201      	movs	r2, #1
 8001078:	6808      	ldr	r0, [r1, #0]
 800107a:	4310      	orrs	r0, r2
 800107c:	6008      	str	r0, [r1, #0]
 800107e:	bc02      	pop	{r1}
 8001080:	4708      	bx	r1
 8001082:	bf00      	nop

08001084 <_exti7>:
 8001084:	b500      	push	{lr}
 8001086:	f7ff fa29 	bl	80004dc <delay>
 800108a:	490e      	ldr	r1, [pc, #56]	; (80010c4 <.lp2+0xa>)
 800108c:	6808      	ldr	r0, [r1, #0]
 800108e:	f04f 027f 	mov.w	r2, #127	; 0x7f
 8001092:	4390      	bics	r0, r2
 8001094:	ea4f 10d0 	mov.w	r0, r0, lsr #7
 8001098:	2801      	cmp	r0, #1
 800109a:	bf08      	it	eq
 800109c:	e004      	beq.n	80010a8 <clean3>
 800109e:	4908      	ldr	r1, [pc, #32]	; (80010c0 <.lp2+0x6>)
 80010a0:	220c      	movs	r2, #12
 80010a2:	6808      	ldr	r0, [r1, #0]
 80010a4:	4050      	eors	r0, r2
 80010a6:	6008      	str	r0, [r1, #0]

080010a8 <clean3>:
 80010a8:	f7ff fa18 	bl	80004dc <delay>
 80010ac:	4906      	ldr	r1, [pc, #24]	; (80010c8 <.lp2+0xe>)
 80010ae:	2201      	movs	r2, #1
 80010b0:	6808      	ldr	r0, [r1, #0]
 80010b2:	4310      	orrs	r0, r2
 80010b4:	6008      	str	r0, [r1, #0]
 80010b6:	bc02      	pop	{r1}
 80010b8:	4708      	bx	r1

080010ba <.lp2>:
 80010ba:	0000      	.short	0x0000
 80010bc:	4002104c 	.word	0x4002104c
 80010c0:	48000014 	.word	0x48000014
 80010c4:	48000410 	.word	0x48000410
 80010c8:	40010414 	.word	0x40010414
